OraQ: Release 1.0.8818.25436 - Production on 04/16/2026 14:10:39
Copyright (c) 2019-2024 IDEA-ENVIs.r.o. - All rights reserved.

Connection Code: PHA_VIX
         Server: pr-t5cluster-scan.chmi.cz
   Service Name: CAQR.chmi.cz
        User Id: vix
 Server Version: Oracle Database 12c Enterprise Edition Release 12.1.0.2.0 - 64bit Production With the Partitioning, Real Application Clusters, Automatic Storage Management, OLAP, Advanced Analytics and Real Application Testing options
        Unicode: True
Connection time: 0.605 sec.

Start time: 2026-04-16 14:10:39

SQL> create table vix_c_component ( id number(8,0) GENERATED BY DEFAULT AS IDENTITY PRIMARY KEY, file_prefix varchar2(30) not null, abbrev varchar2(30) not null, name nvarchar2(80) not null, unit nvarchar2(50) not null )
-1 row(s), time 0.3163 sec

SQL> create unique index uq_vix_c_component_01 on vix_c_component (file_prefix)
-1 row(s), time 0.0480 sec

SQL> create unique index uq_vix_c_component_02 on vix_c_component (abbrev)
-1 row(s), time 0.0474 sec

SQL> insert into vix_c_component (file_prefix,abbrev,name,unit) values ('VI','VI','Ventilační index','m²·s⁻¹')
1 row(s), time 0.0948 sec

SQL> insert into vix_c_component (file_prefix,abbrev,name,unit) values ('T','T2m','Teplota vzduchu','K')
1 row(s), time 0.0323 sec

SQL> alter table vix_p_primary_data add id_component number(8,0)
-1 row(s), time 0.1626 sec

SQL> update vix_p_primary_data set id_component=1
5550432 row(s), time 179.8224 sec

SQL> alter table vix_p_primary_data modify id_component not null
-1 row(s), time 0.5563 sec

SQL> alter table vix_p_primary_data modify id_component default 1
-1 row(s), time 0.0374 sec

SQL> alter table vix_p_primary_data add constraint fk_vix_p_primary_data_01 foreign key (id_component) references vix_c_component (id)
-1 row(s), time 2.3456 sec

SQL> alter table vix_s_secondary_data add id_component number(8,0)
-1 row(s), time 0.1109 sec

SQL> update vix_s_secondary_data set id_component=1
1197480 row(s), time 35.4584 sec

SQL> alter table vix_s_secondary_data modify id_component not null
-1 row(s), time 0.1598 sec

SQL> alter table vix_s_secondary_data modify id_component default 1
-1 row(s), time 0.0436 sec

SQL> alter table vix_s_secondary_data add constraint fk_vix_s_secondary_data_01 foreign key (id_component) references vix_c_component (id)
-1 row(s), time 0.5780 sec

SQL> alter table vix_c_data_record add id_component number(8,0)
-1 row(s), time 0.0626 sec

SQL> update vix_c_data_record set id_component=1
7616 row(s), time 0.1590 sec

SQL> alter table vix_c_data_record modify id_component not null
-1 row(s), time 0.0478 sec

SQL> alter table vix_c_data_record modify id_component default 1
-1 row(s), time 0.0314 sec

SQL> alter table vix_c_data_record add constraint fk_vix_c_data_record_01 foreign key (id_component) references vix_c_component (id)
-1 row(s), time 0.0690 sec

SQL> alter table vix_c_aggreg_type add unit nvarchar2(50)
-1 row(s), time 0.0530 sec

SQL> update vix_c_aggreg_type set unit = 'm²·s⁻¹' where fixed_id in (1,2,3)
3 row(s), time 0.0315 sec

SQL> update vix_c_aggreg_type set unit = '%' where fixed_id >3 and fixed_id < 16
12 row(s), time 0.0195 sec

SQL> alter table vix_c_aggreg_type modify unit not null
-1 row(s), time 0.0481 sec

SQL> insert into vix_c_aggreg_type (id,fixed_id,id_interval,abbrev,name,description,unit) values (16,16,(select id from vix_c_interval where abbrev='1d'),'avg(1h)/1d)','Den: aritmetický průměr teploty','Minimální počet dat pro provedení výpočtu je definován v databázi. Viz GagReport','','%')
[ERROR] [ERROR] ORA-00913: too many values
ORA-00913: too many values


SQL> insert into vix_c_aggreg_type (id,fixed_id,id_interval,abbrev,name,description,unit) values (17,17,(select id from vix_c_interval where abbrev='1m'),'avg(1h)/1m)','Měsíc: aritmetický průměr teploty','Minimální počet dat pro provedení výpočtu je definován v databázi. Viz GagReport')
[ERROR] [ERROR] ORA-00947: not enough values
ORA-00947: not enough values


SQL> insert into vix_c_aggreg_type (id,fixed_id,id_interval,abbrev,name,description,unit) values (18,18,(select id from vix_c_interval where abbrev='1y'),'avg(1h)/1y)','Rok: aritmetický průměr teploty','Minimální počet dat pro provedení výpočtu je definován v databázi. Viz GagReport')
[ERROR] [ERROR] ORA-00947: not enough values
ORA-00947: not enough values


SQL> exit

End time: 2026-04-16 14:14:20 (elapsed: 22:0.453 sec)
