OraQ: Release 1.0.8818.25436 - Production on 10/03/2025 10:09:13
Copyright (c) 2019-2024 IDEA-ENVIs.r.o. - All rights reserved.

Connection Code: PHA_VIX
         Server: pr-t5cluster-scan.chmi.cz
   Service Name: CAQR.chmi.cz
        User Id: vix
 Server Version: Oracle Database 12c Enterprise Edition Release 12.1.0.2.0 - 64bit Production With the Partitioning, Real Application Clusters, Automatic Storage Management, OLAP, Advanced Analytics and Real Application Testing options
        Unicode: True
Connection time: 0.727 sec.

Start time: 2025-10-03 10:09:13

SQL> drop table vix_s_secondary_data cascade constraint
-1 row(s), time 0.2388 sec

SQL> drop table vix_c_frequency_class_ome cascade constraint
[ERROR] [ERROR] ORA-00942: table or view does not exist
ORA-00942: table or view does not exist


SQL> drop table vix_c_class_cpp cascade constraint
[ERROR] [ERROR] ORA-00942: table or view does not exist
ORA-00942: table or view does not exist


SQL> drop table vix_c_aggreg_type cascade constraint
-1 row(s), time 0.1313 sec

SQL> drop table vix_c_aggreg_type cascade constraint
[ERROR] [ERROR] ORA-00942: table or view does not exist
ORA-00942: table or view does not exist


SQL> create table vix_c_aggreg_type ( id number(8,0) not null , fixed_id number(4) not null, id_interval number(8,0) not null , abbrev varchar2(20) not null, name nvarchar2(80) not null, description nvarchar2(1600) not null )
-1 row(s), time 0.0606 sec

SQL> drop table vix_c_class cascade constraint
-1 row(s), time 0.1581 sec

SQL> create table vix_c_class ( id number(8,0) not null , class number(2,0) not null, code varchar2(6) not null, name nvarchar2(80) not null, description nvarchar2(1600) not null, value_from float not null, value_to float )
-1 row(s), time 0.0748 sec

SQL> drop table vix_s_secondary_data cascade constraint
[ERROR] [ERROR] ORA-00942: table or view does not exist
ORA-00942: table or view does not exist


SQL> create table vix_s_secondary_data ( id_area number(8,0) not null , start_time date not null, id_aggreg_type number(8,0) not null , value float )
-1 row(s), time 0.0431 sec

SQL> alter table vix_c_aggreg_type add constraint pk_c_aggreg_type primary key (id)
-1 row(s), time 0.0564 sec

SQL> alter table vix_c_class add constraint pk_vix_c_class primary key (id)
-1 row(s), time 0.0523 sec

SQL> alter table vix_s_secondary_data add constraint pk_s_secondary_data primary key (id_area,start_time,id_aggreg_type)
-1 row(s), time 0.0570 sec

SQL> create unique index indx_vix_c_class_01 on vix_c_class (class)
-1 row(s), time 0.0723 sec

SQL> create unique index indx_vix_c_class_02 on vix_c_class (code)
-1 row(s), time 0.0472 sec

SQL> alter table vix_c_aggreg_type add constraint fk_vix_c_aggreg_type_01 foreign key (id_interval) references vix_c_interval (id)
-1 row(s), time 0.0526 sec

SQL> alter table vix_s_secondary_data add constraint fk_s_secondary_data_01 foreign key (id_area) references vix_c_area (id)
-1 row(s), time 0.0505 sec

SQL> alter table vix_s_secondary_data add constraint fk_s_secondary_data_02 foreign key (id_aggreg_type) references vix_c_aggreg_type (id)
-1 row(s), time 0.0560 sec

SQL> grant select,insert,update,delete on vix_c_aggreg_type to vix_rw_role
-1 row(s), time 0.0351 sec

SQL> grant select,insert,update,delete on vix_s_secondary_data to vix_rw_role
-1 row(s), time 0.0511 sec

SQL> grant select,insert,update,delete on vix_c_class to vix_rw_role
-1 row(s), time 0.0348 sec

SQL> exit

End time: 2025-10-03 10:09:16 (elapsed: 0:1.437 sec)
