OraQ: Release 1.0.8818.25436 - Production on 05/26/2026 07:56:29
Copyright (c) 2019-2024 IDEA-ENVIs.r.o. - All rights reserved.

Connection Code: PHA_VIX
         Server: pr-t5cluster-scan.chmi.cz
   Service Name: CAQR.chmi.cz
        User Id: vix
 Server Version: Oracle Database 12c Enterprise Edition Release 12.1.0.2.0 - 64bit Production With the Partitioning, Real Application Clusters, Automatic Storage Management, OLAP, Advanced Analytics and Real Application Testing options
        Unicode: True
Connection time: 0.697 sec.

Start time: 2026-05-26 07:56:29

SQL> drop table grid_c_region cascade constraint
[ERROR] [ERROR] ORA-00942: table or view does not exist
ORA-00942: table or view does not exist


SQL> create table grid_c_region ( id number(8,0) not null , code varchar2(20 CHAR) not null , name varchar2(80 CHAR) not null )
-1 row(s), time 0.1281 sec

SQL> alter table grid_c_region add constraint pk_grid_c_region primary key (id)
-1 row(s), time 0.0800 sec

SQL> create unique index uq_grid_c_region_01 on grid_c_region (code)
-1 row(s), time 0.0638 sec

SQL> grant select,insert,update,delete on grid_c_region to vix_rw_role
-1 row(s), time 0.0494 sec

SQL> drop table grid_c_component cascade constraint
[ERROR] [ERROR] ORA-00942: table or view does not exist
ORA-00942: table or view does not exist


SQL> create table grid_c_component ( id number(8,0) not null , code varchar2(20 CHAR) not null , name varchar2(80 CHAR) not null , unit varchar2(50 CHAR) not null )
-1 row(s), time 0.0404 sec

SQL> alter table grid_c_component add constraint pk_grid_c_component primary key (id)
-1 row(s), time 0.0772 sec

SQL> create unique index uq_grid_c_component_01 on grid_c_component (code)
-1 row(s), time 0.0491 sec

SQL> grant select,insert,update,delete on grid_c_component to vix_rw_role
-1 row(s), time 0.0318 sec

SQL> drop table grid_c_database cascade constraint
[ERROR] [ERROR] ORA-00942: table or view does not exist
ORA-00942: table or view does not exist


SQL> create table grid_c_database ( id number(8,0) not null , code varchar2(20 CHAR) not null , name varchar2(80 CHAR) not null )
-1 row(s), time 0.0493 sec

SQL> alter table grid_c_database add constraint pk_grid_c_database primary key (id)
-1 row(s), time 0.0633 sec

SQL> create unique index uq_grid_c_database_01 on grid_c_database (code)
-1 row(s), time 0.0330 sec

SQL> grant select,insert,update,delete on grid_c_database to vix_rw_role
-1 row(s), time 0.0313 sec

SQL> drop table grid_c_grid_cell cascade constraint
[ERROR] [ERROR] ORA-00942: table or view does not exist
ORA-00942: table or view does not exist


SQL> create table grid_c_grid_cell ( id NUMBER(8,0) generated by default as identity, grid_number number(6,0) not null )
-1 row(s), time 0.0681 sec

SQL> alter table grid_c_grid_cell add constraint pk_grid_c_grid_cell primary key (id)
-1 row(s), time 0.0597 sec

SQL> create unique index uq_grid_c_grid_cell_01 on grid_c_grid_cell (grid_number)
-1 row(s), time 0.0362 sec

SQL> grant select,insert,update,delete on grid_c_grid_cell to vix_rw_role
-1 row(s), time 0.0287 sec

SQL> drop table grid_c_region_grid_cell cascade constraint
[ERROR] [ERROR] ORA-00942: table or view does not exist
ORA-00942: table or view does not exist


SQL> create table grid_c_region_grid_cell ( id NUMBER(8,0) generated by default as identity, id_region number(8,0) not null, id_grid_cell number(8,0) not null )
-1 row(s), time 0.0622 sec

SQL> alter table grid_c_region_grid_cell add constraint pk_grid_c_regfion_grid_cell primary key (id)
-1 row(s), time 0.0481 sec

SQL> create unique index uq_grid_c_region_grid_cell_01 on grid_c_region_grid_cell (id_region,id_grid_cell)
-1 row(s), time 0.0642 sec

SQL> grant select,insert,update,delete on grid_c_region_grid_cell to vix_rw_role
-1 row(s), time 0.0322 sec

SQL> alter table grid_c_region_grid_cell add constraint fk_grid_c_region_grid_cell_01 foreign key (id_region) references grid_c_region (id)
-1 row(s), time 0.0502 sec

SQL> alter table grid_c_region_grid_cell add constraint fk_grid_c_region_grid_cell_02 foreign key (id_grid_cell) references grid_c_grid_cell (id)
-1 row(s), time 0.0650 sec

SQL> drop table grid_c_station cascade constraint
[ERROR] [ERROR] ORA-00942: table or view does not exist
ORA-00942: table or view does not exist


SQL> create table grid_c_station ( id NUMBER(8,0) generated by default as identity, code varchar2(10 CHAR) not null, name varchar2(80 CHAR) not null, id_grid_cell number(8,0) not null , id_database number(8,0) not null , description varchar2(2000 CHAR) )
-1 row(s), time 0.0676 sec

SQL> alter table grid_c_station add constraint pk_grid_c_station primary key (id)
-1 row(s), time 0.0554 sec

SQL> create unique index indx_grid_c_station_01 on grid_c_station (code)
-1 row(s), time 0.0457 sec

SQL> alter table grid_c_station add constraint fk_grid_c_station_01 foreign key (id_grid_cell) references grid_c_grid_cell (id)
-1 row(s), time 0.0548 sec

SQL> alter table grid_c_station add constraint fk_grid_c_station_02 foreign key (id_database) references grid_c_database (id)
-1 row(s), time 0.0415 sec

SQL> grant select,insert,update,delete on grid_c_station to vix_rw_role
-1 row(s), time 0.0523 sec

SQL> drop table grid_p_primary_data cascade constraint
[ERROR] [ERROR] ORA-00942: table or view does not exist
ORA-00942: table or view does not exist


SQL> create table grid_p_primary_data ( id_grid_cell number(8,0) not null , id_component number(8,0) not null , end_time date not null, value float not null )
-1 row(s), time 0.0473 sec

SQL> alter table grid_p_primary_data add constraint pk_grid_p_primary primary key (id_grid_cell,id_component,end_time)
-1 row(s), time 0.0648 sec

SQL> alter table grid_p_primary_data add constraint fk_grid_p_primary_01 foreign key (id_grid_cell) references grid_c_grid_cell (id)
-1 row(s), time 0.0473 sec

SQL> alter table grid_p_primary_data add constraint fk_grid_p_primary_02 foreign key (id_component) references grid_c_component (id)
-1 row(s), time 0.0483 sec

SQL> grant select,insert,update,delete on grid_p_primary_data to vix_rw_role
-1 row(s), time 0.0349 sec

SQL> exit

End time: 2026-05-26 07:56:32 (elapsed: 0:2.328 sec)
