
SQL*Plus: Release 12.1.0.2.0 Production on Thu May 14 13:16:08 2026

Copyright (c) 1982, 2014, Oracle.  All rights reserved.

Last Successful login time: Thu May 14 2026 13:14:33 +02:00

Connected to:
Oracle Database 12c Enterprise Edition Release 12.1.0.2.0 - 64bit Production
With the Partitioning, Real Application Clusters, Automatic Storage Management, OLAP,
Advanced Analytics and Real Application Testing options

SQL> select to_char(current_date,'yyyy-mm-dd hh24:mi:ss') from dual;

TO_CHAR(CURRENT_DAT
-------------------
2026-05-14 13:16:09

SQL> execute vix_aggreg(1);

PL/SQL procedure successfully completed.

SQL> select to_char(current_date,'yyyy-mm-dd hh24:mi:ss') from dual;

TO_CHAR(CURRENT_DAT
-------------------
2026-05-14 13:21:30

SQL> exit;
Disconnected from Oracle Database 12c Enterprise Edition Release 12.1.0.2.0 - 64bit Production
With the Partitioning, Real Application Clusters, Automatic Storage Management, OLAP,
Advanced Analytics and Real Application Testing options
